Nov 27, 2014 11:37:44 AM org.apache.solr.core.SolrResourceLoader locateSolrHome
INFO: JNDI not configured for solr (NoInitialContextEx)
Nov 27, 2014 11:37:44 AM org.apache.solr.core.SolrResourceLoader locateSolrHome
INFO: using system property solr.solr.home: D:/IW-Workspace/famtivity_git/famtivity/solr
Nov 27, 2014 11:37:44 AM org.apache.solr.core.SolrResourceLoader <init>
INFO: Solr home set to 'D:/IW-Workspace/famtivity_git/famtivity/solr\'
Nov 27, 2014 11:37:45 AM org.apache.solr.servlet.SolrDispatchFilter init
INFO: SolrDispatchFilter.init()
Nov 27, 2014 11:37:45 AM org.apache.solr.core.SolrResourceLoader locateSolrHome
INFO: JNDI not configured for solr (NoInitialContextEx)
Nov 27, 2014 11:37:45 AM org.apache.solr.core.SolrResourceLoader locateSolrHome
INFO: using system property solr.solr.home: D:/IW-Workspace/famtivity_git/famtivity/solr
Nov 27, 2014 11:37:45 AM org.apache.solr.core.CoreContainer$Initializer initialize
INFO: looking for solr.xml: D:\IW-Workspace\famtivity_git\famtivity\solr\solr.xml
Nov 27, 2014 11:37:45 AM org.apache.solr.core.SolrResourceLoader locateSolrHome
INFO: JNDI not configured for solr (NoInitialContextEx)
Nov 27, 2014 11:37:45 AM org.apache.solr.core.SolrResourceLoader locateSolrHome
INFO: using system property solr.solr.home: D:/IW-Workspace/famtivity_git/famtivity/solr
Nov 27, 2014 11:37:45 AM org.apache.solr.core.CoreContainer <init>
INFO: New CoreContainer: solrHome=D:/IW-Workspace/famtivity_git/famtivity/solr\ instance=22522451
Nov 27, 2014 11:37:45 AM org.apache.solr.core.SolrResourceLoader <init>
INFO: Solr home set to 'D:/IW-Workspace/famtivity_git/famtivity/solr\'
Nov 27, 2014 11:37:45 AM org.apache.solr.core.SolrResourceLoader <init>
INFO: Solr home set to 'D:\IW-Workspace\famtivity_git\famtivity\solr\.\'
Nov 27, 2014 11:37:45 AM org.apache.solr.core.SolrConfig initLibs
INFO: Adding specified lib dirs to ClassLoader
Nov 27, 2014 11:37:45 AM org.apache.solr.core.Config getLuceneVersion
WARNING: the luceneMatchVersion is not specified, defaulting to LUCENE_24 emulation. You should at some point declare and reindex to at least 3.0, because 2.4 emulation is deprecated and will be removed in 4.0. This parameter will be mandatory in 4.0.
Nov 27, 2014 11:37:45 AM org.apache.solr.core.SolrConfig <init>
INFO: Using Lucene MatchVersion: LUCENE_24
Nov 27, 2014 11:37:45 AM org.apache.solr.core.SolrConfig <init>
WARNING: Deprecated syntax found. <highlighting/> should move to <searchComponent/>
Nov 27, 2014 11:37:45 AM org.apache.solr.core.SolrConfig <init>
INFO: Loaded SolrConfig: solrconfig.xml
Nov 27, 2014 11:37:45 AM org.apache.solr.schema.IndexSchema readSchema
INFO: Reading Solr Schema
Nov 27, 2014 11:37:45 AM org.apache.solr.schema.IndexSchema readSchema
INFO: Schema name=sunspot
Nov 27, 2014 11:37:45 AM org.apache.solr.util.plugin.AbstractPluginLoader load
INFO: created string: org.apache.solr.schema.StrField
Nov 27, 2014 11:37:45 AM org.apache.solr.util.plugin.AbstractPluginLoader load
INFO: created tdouble: org.apache.solr.schema.TrieDoubleField
Nov 27, 2014 11:37:45 AM org.apache.solr.util.plugin.AbstractPluginLoader load
INFO: created rand: org.apache.solr.schema.RandomSortField
Nov 27, 2014 11:37:45 AM org.apache.solr.util.plugin.AbstractPluginLoader load
INFO: created : org.apache.solr.analysis.StandardTokenizerFactory
Nov 27, 2014 11:37:45 AM org.apache.solr.analysis.BaseTokenStreamFactory assureMatchVersion
WARNING: StandardTokenizerFactory is using deprecated LUCENE_24 emulation. You should at some point declare and reindex to at least 3.0, because 2.x emulation is deprecated and will be removed in 4.0
Nov 27, 2014 11:37:45 AM org.apache.solr.util.plugin.AbstractPluginLoader load
INFO: created : org.apache.solr.analysis.StopFilterFactory
Nov 27, 2014 11:37:45 AM org.apache.solr.analysis.BaseTokenStreamFactory assureMatchVersion
WARNING: StopFilterFactory is using deprecated LUCENE_24 emulation. You should at some point declare and reindex to at least 3.0, because 2.x emulation is deprecated and will be removed in 4.0
Nov 27, 2014 11:37:45 AM org.apache.solr.util.plugin.AbstractPluginLoader load
INFO: created : org.apache.solr.analysis.WordDelimiterFilterFactory
Nov 27, 2014 11:37:45 AM org.apache.solr.util.plugin.AbstractPluginLoader load
INFO: created : org.apache.solr.analysis.LowerCaseFilterFactory
Nov 27, 2014 11:37:45 AM org.apache.solr.analysis.BaseTokenStreamFactory assureMatchVersion
WARNING: LowerCaseFilterFactory is using deprecated LUCENE_24 emulation. You should at some point declare and reindex to at least 3.0, because 2.x emulation is deprecated and will be removed in 4.0
Nov 27, 2014 11:37:45 AM org.apache.solr.util.plugin.AbstractPluginLoader load
INFO: created : org.apache.solr.analysis.EdgeNGramFilterFactory
Nov 27, 2014 11:37:45 AM org.apache.solr.util.plugin.AbstractPluginLoader load
INFO: created : org.apache.solr.analysis.SnowballPorterFilterFactory
Nov 27, 2014 11:37:45 AM org.apache.solr.util.plugin.AbstractPluginLoader load
INFO: created : org.apache.solr.analysis.PhoneticFilterFactory
Nov 27, 2014 11:37:45 AM org.apache.solr.util.plugin.AbstractPluginLoader load
INFO: created text: org.apache.solr.schema.TextField
Nov 27, 2014 11:37:45 AM org.apache.solr.util.plugin.AbstractPluginLoader load
INFO: created boolean: org.apache.solr.schema.BoolField
Nov 27, 2014 11:37:45 AM org.apache.solr.util.plugin.AbstractPluginLoader load
INFO: created date: org.apache.solr.schema.DateField
Nov 27, 2014 11:37:45 AM org.apache.solr.util.plugin.AbstractPluginLoader load
INFO: created sdouble: org.apache.solr.schema.SortableDoubleField
Nov 27, 2014 11:37:45 AM org.apache.solr.util.plugin.AbstractPluginLoader load
INFO: created sfloat: org.apache.solr.schema.SortableFloatField
Nov 27, 2014 11:37:45 AM org.apache.solr.util.plugin.AbstractPluginLoader load
INFO: created sint: org.apache.solr.schema.SortableIntField
Nov 27, 2014 11:37:45 AM org.apache.solr.util.plugin.AbstractPluginLoader load
INFO: created slong: org.apache.solr.schema.SortableLongField
Nov 27, 2014 11:37:45 AM org.apache.solr.util.plugin.AbstractPluginLoader load
INFO: created tint: org.apache.solr.schema.TrieIntField
Nov 27, 2014 11:37:45 AM org.apache.solr.util.plugin.AbstractPluginLoader load
INFO: created tfloat: org.apache.solr.schema.TrieFloatField
Nov 27, 2014 11:37:46 AM org.apache.solr.util.plugin.AbstractPluginLoader load
INFO: created tdate: org.apache.solr.schema.TrieDateField
Nov 27, 2014 11:37:46 AM org.apache.solr.util.plugin.AbstractPluginLoader load
INFO: created location: org.apache.solr.schema.LatLonType
Nov 27, 2014 11:37:46 AM org.apache.solr.schema.IndexSchema readSchema
INFO: default search field is text
Nov 27, 2014 11:37:46 AM org.apache.solr.schema.IndexSchema readSchema
INFO: query parser default operator is AND
Nov 27, 2014 11:37:46 AM org.apache.solr.schema.IndexSchema readSchema
INFO: unique key field: id
Nov 27, 2014 11:37:46 AM org.apache.solr.analysis.BaseTokenStreamFactory assureMatchVersion
WARNING: StopFilterFactory is using deprecated LUCENE_24 emulation. You should at some point declare and reindex to at least 3.0, because 2.x emulation is deprecated and will be removed in 4.0
Nov 27, 2014 11:37:46 AM org.apache.solr.core.SolrCore <init>
INFO: [] Opening new SolrCore at D:\IW-Workspace\famtivity_git\famtivity\solr\.\, dataDir=D:/IW-Workspace/famtivity_git/famtivity/solr/data/development\
Nov 27, 2014 11:37:46 AM org.apache.solr.core.JmxMonitoredMap <init>
INFO: No JMX servers found, not exposing Solr information with JMX.
Nov 27, 2014 11:37:46 AM org.apache.solr.core.SolrCore initListeners
INFO: [] Added SolrEventListener for newSearcher: org.apache.solr.core.QuerySenderListener{queries=[]}
Nov 27, 2014 11:37:46 AM org.apache.solr.core.SolrCore initListeners
INFO: [] Added SolrEventListener for firstSearcher: org.apache.solr.core.QuerySenderListener{queries=[{q=solr rocks,start=0,rows=10}, {q=static firstSearcher warming query from solrconfig.xml}]}
Nov 27, 2014 11:37:46 AM org.apache.solr.request.XSLTResponseWriter <init>
WARNING: org.apache.solr.request.XSLTResponseWriter is deprecated. Please use the corresponding class in org.apache.solr.response
Nov 27, 2014 11:37:46 AM org.apache.solr.response.XSLTResponseWriter init
INFO: xsltCacheLifetimeSeconds=5
Nov 27, 2014 11:37:46 AM org.apache.solr.core.RequestHandlers initHandlersFromConfig
INFO: created standard: solr.SearchHandler
Nov 27, 2014 11:37:46 AM org.apache.solr.core.RequestHandlers initHandlersFromConfig
INFO: created dismax: solr.SearchHandler
Nov 27, 2014 11:37:46 AM org.apache.solr.core.RequestHandlers initHandlersFromConfig
INFO: created partitioned: solr.SearchHandler
Nov 27, 2014 11:37:46 AM org.apache.solr.core.RequestHandlers initHandlersFromConfig
INFO: created /spell: solr.SearchHandler
Nov 27, 2014 11:37:46 AM org.apache.solr.core.RequestHandlers initHandlersFromConfig
INFO: created tvrh: org.apache.solr.handler.component.SearchHandler
Nov 27, 2014 11:37:46 AM org.apache.solr.core.RequestHandlers initHandlersFromConfig
INFO: adding lazy requestHandler: org.apache.solr.handler.extraction.ExtractingRequestHandler
Nov 27, 2014 11:37:46 AM org.apache.solr.core.RequestHandlers initHandlersFromConfig
INFO: created /update/extract: org.apache.solr.handler.extraction.ExtractingRequestHandler
Nov 27, 2014 11:37:46 AM org.apache.solr.core.RequestHandlers initHandlersFromConfig
INFO: created /terms: org.apache.solr.handler.component.SearchHandler
Nov 27, 2014 11:37:46 AM org.apache.solr.core.RequestHandlers initHandlersFromConfig
INFO: adding lazy requestHandler: solr.SearchHandler
Nov 27, 2014 11:37:46 AM org.apache.solr.core.RequestHandlers initHandlersFromConfig
INFO: created /elevate: solr.SearchHandler
Nov 27, 2014 11:37:46 AM org.apache.solr.core.RequestHandlers initHandlersFromConfig
INFO: created /update: solr.XmlUpdateRequestHandler
Nov 27, 2014 11:37:46 AM org.apache.solr.core.RequestHandlers initHandlersFromConfig
INFO: created /update/javabin: solr.BinaryUpdateRequestHandler
Nov 27, 2014 11:37:46 AM org.apache.solr.core.RequestHandlers initHandlersFromConfig
INFO: created /analysis/document: solr.DocumentAnalysisRequestHandler
Nov 27, 2014 11:37:46 AM org.apache.solr.core.RequestHandlers initHandlersFromConfig
INFO: created /analysis/field: solr.FieldAnalysisRequestHandler
Nov 27, 2014 11:37:46 AM org.apache.solr.core.RequestHandlers initHandlersFromConfig
INFO: adding lazy requestHandler: solr.CSVRequestHandler
Nov 27, 2014 11:37:46 AM org.apache.solr.core.RequestHandlers initHandlersFromConfig
INFO: created /update/csv: solr.CSVRequestHandler
Nov 27, 2014 11:37:46 AM org.apache.solr.core.RequestHandlers initHandlersFromConfig
INFO: created /admin/: org.apache.solr.handler.admin.AdminHandlers
Nov 27, 2014 11:37:46 AM org.apache.solr.core.RequestHandlers initHandlersFromConfig
INFO: created /admin/ping: PingRequestHandler
Nov 27, 2014 11:37:46 AM org.apache.solr.core.RequestHandlers initHandlersFromConfig
INFO: created /debug/dump: solr.DumpRequestHandler
Nov 27, 2014 11:37:46 AM org.apache.solr.core.RequestHandlers initHandlersFromConfig
INFO: created /mlt: solr.MoreLikeThisHandler
Nov 27, 2014 11:37:47 AM org.apache.solr.search.SolrIndexSearcher <init>
INFO: Opening Searcher@c5e9c main
Nov 27, 2014 11:37:47 AM org.apache.solr.update.CommitTracker <init>
INFO: commitTracker AutoCommit: disabled
Nov 27, 2014 11:37:47 AM org.apache.solr.handler.component.SpellCheckComponent inform
INFO: Initializing spell checkers
Nov 27, 2014 11:37:47 AM org.apache.solr.handler.component.SpellCheckComponent inform
WARNING: No queryConverter defined, using default converter
Nov 27, 2014 11:37:47 AM org.apache.solr.handler.component.QueryElevationComponent inform
INFO: Loading QueryElevation from: D:\IW-Workspace\famtivity_git\famtivity\solr\.\conf\elevate.xml
Nov 27, 2014 11:37:47 AM org.apache.solr.handler.component.SearchHandler inform
INFO: Adding  component:org.apache.solr.handler.component.QueryComponent@d6b059
Nov 27, 2014 11:37:47 AM org.apache.solr.handler.component.SearchHandler inform
INFO: Adding  component:org.apache.solr.handler.component.FacetComponent@d3c65d
Nov 27, 2014 11:37:47 AM org.apache.solr.handler.component.SearchHandler inform
INFO: Adding  component:org.apache.solr.handler.component.MoreLikeThisComponent@1843a75
Nov 27, 2014 11:37:47 AM org.apache.solr.handler.component.SearchHandler inform
INFO: Adding  component:org.apache.solr.handler.component.HighlightComponent@1a1399
Nov 27, 2014 11:37:47 AM org.apache.solr.handler.component.SearchHandler inform
INFO: Adding  component:org.apache.solr.handler.component.StatsComponent@1fcc0a2
Nov 27, 2014 11:37:47 AM org.apache.solr.handler.component.SearchHandler inform
INFO: Adding  debug component:org.apache.solr.handler.component.DebugComponent@caf6c1
Nov 27, 2014 11:37:47 AM org.apache.solr.handler.component.SearchHandler inform
INFO: Adding  component:org.apache.solr.handler.component.QueryComponent@d6b059
Nov 27, 2014 11:37:47 AM org.apache.solr.handler.component.SearchHandler inform
INFO: Adding  component:org.apache.solr.handler.component.FacetComponent@d3c65d
Nov 27, 2014 11:37:47 AM org.apache.solr.handler.component.SearchHandler inform
INFO: Adding  component:org.apache.solr.handler.component.MoreLikeThisComponent@1843a75
Nov 27, 2014 11:37:47 AM org.apache.solr.handler.component.SearchHandler inform
INFO: Adding  component:org.apache.solr.handler.component.HighlightComponent@1a1399
Nov 27, 2014 11:37:47 AM org.apache.solr.handler.component.SearchHandler inform
INFO: Adding  component:org.apache.solr.handler.component.StatsComponent@1fcc0a2
Nov 27, 2014 11:37:47 AM org.apache.solr.handler.component.SearchHandler inform
INFO: Adding  debug component:org.apache.solr.handler.component.DebugComponent@caf6c1
Nov 27, 2014 11:37:47 AM org.apache.solr.handler.component.SearchHandler inform
INFO: Adding  component:org.apache.solr.handler.component.QueryComponent@d6b059
Nov 27, 2014 11:37:47 AM org.apache.solr.handler.component.SearchHandler inform
INFO: Adding  component:org.apache.solr.handler.component.FacetComponent@d3c65d
Nov 27, 2014 11:37:47 AM org.apache.solr.handler.component.SearchHandler inform
INFO: Adding  component:org.apache.solr.handler.component.MoreLikeThisComponent@1843a75
Nov 27, 2014 11:37:47 AM org.apache.solr.handler.component.SearchHandler inform
INFO: Adding  component:org.apache.solr.handler.component.HighlightComponent@1a1399
Nov 27, 2014 11:37:47 AM org.apache.solr.handler.component.SearchHandler inform
INFO: Adding  component:org.apache.solr.handler.component.StatsComponent@1fcc0a2
Nov 27, 2014 11:37:47 AM org.apache.solr.handler.component.SearchHandler inform
INFO: Adding  debug component:org.apache.solr.handler.component.DebugComponent@caf6c1
Nov 27, 2014 11:37:47 AM org.apache.solr.handler.component.SearchHandler inform
INFO: Adding  component:org.apache.solr.handler.component.QueryComponent@d6b059
Nov 27, 2014 11:37:47 AM org.apache.solr.handler.component.SearchHandler inform
INFO: Adding  component:org.apache.solr.handler.component.FacetComponent@d3c65d
Nov 27, 2014 11:37:47 AM org.apache.solr.handler.component.SearchHandler inform
INFO: Adding  component:org.apache.solr.handler.component.MoreLikeThisComponent@1843a75
Nov 27, 2014 11:37:47 AM org.apache.solr.handler.component.SearchHandler inform
INFO: Adding  component:org.apache.solr.handler.component.HighlightComponent@1a1399
Nov 27, 2014 11:37:47 AM org.apache.solr.handler.component.SearchHandler inform
INFO: Adding  component:org.apache.solr.handler.component.StatsComponent@1fcc0a2
Nov 27, 2014 11:37:47 AM org.apache.solr.handler.component.SearchHandler inform
INFO: Adding  component:org.apache.solr.handler.component.SpellCheckComponent@10e35d5
Nov 27, 2014 11:37:47 AM org.apache.solr.handler.component.SearchHandler inform
INFO: Adding  debug component:org.apache.solr.handler.component.DebugComponent@caf6c1
Nov 27, 2014 11:37:47 AM org.apache.solr.handler.component.SearchHandler inform
INFO: Adding  component:org.apache.solr.handler.component.QueryComponent@d6b059
Nov 27, 2014 11:37:47 AM org.apache.solr.handler.component.SearchHandler inform
INFO: Adding  component:org.apache.solr.handler.component.FacetComponent@d3c65d
Nov 27, 2014 11:37:47 AM org.apache.solr.handler.component.SearchHandler inform
INFO: Adding  component:org.apache.solr.handler.component.MoreLikeThisComponent@1843a75
Nov 27, 2014 11:37:47 AM org.apache.solr.handler.component.SearchHandler inform
INFO: Adding  component:org.apache.solr.handler.component.HighlightComponent@1a1399
Nov 27, 2014 11:37:47 AM org.apache.solr.handler.component.SearchHandler inform
INFO: Adding  component:org.apache.solr.handler.component.StatsComponent@1fcc0a2
Nov 27, 2014 11:37:47 AM org.apache.solr.handler.component.SearchHandler inform
INFO: Adding  component:org.apache.solr.handler.component.TermVectorComponent@1f03691
Nov 27, 2014 11:37:47 AM org.apache.solr.handler.component.SearchHandler inform
INFO: Adding  debug component:org.apache.solr.handler.component.DebugComponent@caf6c1
Nov 27, 2014 11:37:47 AM org.apache.solr.handler.component.SearchHandler inform
INFO: Adding  component:org.apache.solr.handler.component.TermsComponent@18e8541
Nov 27, 2014 11:37:47 AM org.apache.solr.core.QuerySenderListener newSearcher
INFO: QuerySenderListener sending requests to Searcher@c5e9c main
Nov 27, 2014 11:37:47 AM org.apache.solr.core.CoreContainer register
INFO: registering core: 
Nov 27, 2014 11:37:47 AM org.apache.solr.servlet.SolrDispatchFilter init
INFO: user.dir=C:\Ruby193\lib\ruby\gems\1.9.1\gems\sunspot_solr-2.0.0\solr
Nov 27, 2014 11:37:47 AM org.apache.solr.servlet.SolrDispatchFilter init
INFO: SolrDispatchFilter.init() done
Nov 27, 2014 11:37:47 AM org.apache.solr.core.SolrCore execute
INFO: [] webapp=null path=null params={start=0&event=firstSearcher&q=solr+rocks&rows=10} hits=0 status=0 QTime=171 
Nov 27, 2014 11:37:47 AM org.apache.solr.core.SolrCore execute
INFO: [] webapp=null path=null params={event=firstSearcher&q=static+firstSearcher+warming+query+from+solrconfig.xml} hits=0 status=0 QTime=0 
Nov 27, 2014 11:37:47 AM org.apache.solr.core.QuerySenderListener newSearcher
INFO: QuerySenderListener done.
Nov 27, 2014 11:37:47 AM org.apache.solr.handler.component.SpellCheckComponent$SpellCheckerListener newSearcher
INFO: Loading spell index for spellchecker: default
Nov 27, 2014 11:37:47 AM org.apache.solr.core.SolrCore registerSearcher
INFO: [] Registered new searcher Searcher@c5e9c main
Nov 27, 2014 11:37:47 AM org.apache.solr.servlet.SolrServlet init
INFO: SolrServlet.init()
Nov 27, 2014 11:37:47 AM org.apache.solr.core.SolrResourceLoader locateSolrHome
INFO: JNDI not configured for solr (NoInitialContextEx)
Nov 27, 2014 11:37:47 AM org.apache.solr.core.SolrResourceLoader locateSolrHome
INFO: using system property solr.solr.home: D:/IW-Workspace/famtivity_git/famtivity/solr
Nov 27, 2014 11:37:47 AM org.apache.solr.servlet.SolrServlet init
INFO: SolrServlet.init() done
Nov 27, 2014 11:37:47 AM org.apache.solr.core.SolrResourceLoader locateSolrHome
INFO: JNDI not configured for solr (NoInitialContextEx)
Nov 27, 2014 11:37:47 AM org.apache.solr.core.SolrResourceLoader locateSolrHome
INFO: using system property solr.solr.home: D:/IW-Workspace/famtivity_git/famtivity/solr
Nov 27, 2014 11:37:47 AM org.apache.solr.servlet.SolrUpdateServlet init
INFO: SolrUpdateServlet.init() done
